number,value,datetime_start,datetime_complete,duration,params_base_ch,params_batch_size,params_dropout,params_emb_dim,params_lambda_l1,params_lr_d,params_lr_g,system_attrs_tpe:relative_params:0,state
0,0.604637049138546,2026-10-03 07:16:52.879391,2026-10-03 07:19:32.000421,0 days 00:02:39.121030,48,4,0.4,16,200,0.0004463590152176814,0.00023688639503640813,,COMPLETE
1,0.6099683046340942,2026-10-03 07:19:32.038641,2026-10-03 07:22:19.640036,0 days 00:02:47.601395,48,4,0.30000000000000004,32,100,9.776854331372622e-05,0.0002703616066662003,,COMPLETE
2,0.6596609801054001,2026-10-03 07:22:19.668495,2026-10-03 07:25:07.114597,0 days 00:02:47.446102,48,4,0.30000000000000004,32,10,6.260977143530197e-05,0.00020165721691808595,,COMPLETE
3,0.6282888054847717,2026-10-03 07:25:07.158977,2026-10-03 07:28:16.465609,0 days 00:03:09.306632,64,32,0.2,64,50,0.0004176805377655882,0.00039618677904065835,,COMPLETE
4,0.6458865404129028,2026-10-03 07:28:16.494882,2026-10-03 07:30:54.816551,0 days 00:02:38.321669,64,16,0.30000000000000004,8,100,0.00032691242922590195,0.00010127963257331491,,COMPLETE
5,0.7752666175365448,2026-10-03 07:30:54.849484,2026-10-03 07:31:17.174156,0 days 00:00:22.324672,32,16,0.0,16,10,0.00025835376300116367,0.00013170256885255112,,PRUNED
6,0.6045761704444885,2026-10-03 07:31:17.199159,2026-10-03 07:34:00.571236,0 days 00:02:43.372077,48,16,0.1,64,200,5.969664363267726e-05,0.00016935505549297937,,COMPLETE
7,0.732440210878849,2026-10-03 07:34:00.608532,2026-10-03 07:35:17.385527,0 days 00:01:16.776995,64,8,0.1,64,10,0.0003628278268393093,0.0006576801979658926,,PRUNED
8,0.6537942066788673,2026-10-03 07:35:17.412639,2026-10-03 07:35:57.822606,0 days 00:00:40.409967,32,4,0.2,8,50,5.4432333359968885e-05,0.00019268171109476225,,PRUNED
9,0.65094855427742,2026-10-03 07:35:57.863440,2026-10-03 07:37:04.934423,0 days 00:01:07.070983,64,8,0.0,32,100,0.00017168987657092884,0.0004300606537423213,,PRUNED
10,0.6382565125823021,2026-10-03 07:37:04.961503,2026-10-03 07:38:16.639921,0 days 00:01:11.678418,48,16,0.2,64,200,9.520970876958513e-05,0.00012159342714127852,"{""base_ch"": 48, ""batch_size"": 16, ""dropout"": 0.2, ""emb_dim"": 64, ""lambda_l1"": 200, ""lr_d"": 9.520970876958513e-05, ""lr_g"": 0.00012159342714127852}",PRUNED
11,0.5998628735542297,2026-10-03 07:38:16.663754,2026-10-03 07:40:51.333522,0 days 00:02:34.669768,48,4,0.4,16,200,0.00023981911627837037,0.0003203829618216532,"{""base_ch"": 48, ""batch_size"": 4, ""dropout"": 0.4, ""emb_dim"": 16, ""lambda_l1"": 200, ""lr_d"": 0.00023981911627837037, ""lr_g"": 0.0003203829618216532}",COMPLETE
12,0.5957298949360847,2026-10-03 07:40:51.371544,2026-10-03 07:42:49.644958,0 days 00:01:58.273414,48,16,0.5,16,200,7.244953932338926e-05,0.0003262720106592712,"{""base_ch"": 48, ""batch_size"": 16, ""dropout"": 0.5, ""emb_dim"": 16, ""lambda_l1"": 200, ""lr_d"": 7.244953932338926e-05, ""lr_g"": 0.0003262720106592712}",COMPLETE
13,0.6034160181879997,2026-10-03 07:42:49.681147,2026-10-03 07:45:23.900409,0 days 00:02:34.219262,48,4,0.5,16,200,0.0003377069074894041,0.0004991332676747339,"{""base_ch"": 48, ""batch_size"": 4, ""dropout"": 0.5, ""emb_dim"": 16, ""lambda_l1"": 200, ""lr_d"": 0.0003377069074894041, ""lr_g"": 0.0004991332676747339}",COMPLETE
14,0.6299529671669006,2026-10-03 07:45:23.935471,2026-10-03 07:46:29.703800,0 days 00:01:05.768329,64,16,0.5,16,200,0.00012029346572988312,0.00023028870115112865,"{""base_ch"": 64, ""batch_size"": 16, ""dropout"": 0.5, ""emb_dim"": 16, ""lambda_l1"": 200, ""lr_d"": 0.00012029346572988312, ""lr_g"": 0.00023028870115112865}",PRUNED
15,0.6668581664562225,2026-10-03 07:46:29.727862,2026-10-03 07:47:08.244076,0 days 00:00:38.516214,48,32,0.5,16,200,0.0002682135834263842,0.0001526576881600947,"{""base_ch"": 48, ""batch_size"": 32, ""dropout"": 0.5, ""emb_dim"": 16, ""lambda_l1"": 200, ""lr_d"": 0.0002682135834263842, ""lr_g"": 0.0001526576881600947}",PRUNED
16,0.5896907970309258,2026-10-03 07:47:08.270433,2026-10-03 07:49:42.344419,0 days 00:02:34.073986,48,4,0.4,16,200,0.00015652880257012444,0.0005951667672239444,"{""base_ch"": 48, ""batch_size"": 4, ""dropout"": 0.4, ""emb_dim"": 16, ""lambda_l1"": 200, ""lr_d"": 0.00015652880257012444, ""lr_g"": 0.0005951667672239444}",COMPLETE
17,0.6274557039141655,2026-10-03 07:49:42.382043,2026-10-03 07:50:29.853487,0 days 00:00:47.471444,48,16,0.4,16,100,0.00012126098604603372,0.0006238593410534996,"{""base_ch"": 48, ""batch_size"": 16, ""dropout"": 0.4, ""emb_dim"": 16, ""lambda_l1"": 100, ""lr_d"": 0.00012126098604603372, ""lr_g"": 0.0006238593410534996}",PRUNED
18,0.630772776901722,2026-10-03 07:50:29.879320,2026-10-03 07:51:15.557109,0 days 00:00:45.677789,48,32,0.4,16,200,7.982045528080709e-05,0.0002977702871051002,"{""base_ch"": 48, ""batch_size"": 32, ""dropout"": 0.4, ""emb_dim"": 16, ""lambda_l1"": 200, ""lr_d"": 7.982045528080709e-05, ""lr_g"": 0.0002977702871051002}",PRUNED
19,0.6040941700339317,2026-10-03 07:51:15.589457,2026-10-03 07:52:21.300357,0 days 00:01:05.710900,32,16,0.5,16,200,7.488061415884456e-05,0.00048310652874417173,"{""base_ch"": 32, ""batch_size"": 16, ""dropout"": 0.5, ""emb_dim"": 16, ""lambda_l1"": 200, ""lr_d"": 7.488061415884456e-05, ""lr_g"": 0.00048310652874417173}",COMPLETE
20,0.6365542709827423,2026-10-03 07:52:21.343954,2026-10-03 07:53:13.075896,0 days 00:00:51.731942,48,16,0.5,32,200,0.00014474392194093488,0.0005355622558979806,"{""base_ch"": 48, ""batch_size"": 16, ""dropout"": 0.5, ""emb_dim"": 32, ""lambda_l1"": 200, ""lr_d"": 0.00014474392194093488, ""lr_g"": 0.0005355622558979806}",PRUNED
21,0.6440910249948502,2026-10-03 07:53:13.099950,2026-10-03 07:53:51.419214,0 days 00:00:38.319264,48,32,0.30000000000000004,16,200,0.00018646801356978203,0.0003773403485623677,"{""base_ch"": 48, ""batch_size"": 32, ""dropout"": 0.30000000000000004, ""emb_dim"": 16, ""lambda_l1"": 200, ""lr_d"": 0.00018646801356978203, ""lr_g"": 0.0003773403485623677}",PRUNED
22,0.5897841528058052,2026-10-03 07:53:51.445838,2026-10-03 07:56:25.944170,0 days 00:02:34.498332,48,4,0.30000000000000004,16,200,0.000194455428033298,0.0008258755252072552,"{""base_ch"": 48, ""batch_size"": 4, ""dropout"": 0.30000000000000004, ""emb_dim"": 16, ""lambda_l1"": 200, ""lr_d"": 0.000194455428033298, ""lr_g"": 0.0008258755252072552}",COMPLETE
23,0.5968184098601341,2026-10-03 07:56:25.975816,2026-10-03 07:59:13.308527,0 days 00:02:47.332711,48,4,0.30000000000000004,32,200,0.00015135198232175487,0.0007364860146353427,"{""base_ch"": 48, ""batch_size"": 4, ""dropout"": 0.30000000000000004, ""emb_dim"": 32, ""lambda_l1"": 200, ""lr_d"": 0.00015135198232175487, ""lr_g"": 0.0007364860146353427}",COMPLETE
24,0.626351110637188,2026-10-03 07:59:13.355885,2026-10-03 07:59:54.369131,0 days 00:00:41.013246,32,4,0.4,16,200,0.0001659283455353502,0.000721405561757929,"{""base_ch"": 32, ""batch_size"": 4, ""dropout"": 0.4, ""emb_dim"": 16, ""lambda_l1"": 200, ""lr_d"": 0.0001659283455353502, ""lr_g"": 0.000721405561757929}",PRUNED
25,0.6387508511543274,2026-10-03 07:59:54.396025,2026-10-03 08:00:34.188537,0 days 00:00:39.792512,48,16,0.5,16,50,5.507314301423943e-05,0.0003742111647409597,"{""base_ch"": 48, ""batch_size"": 16, ""dropout"": 0.5, ""emb_dim"": 16, ""lambda_l1"": 50, ""lr_d"": 5.507314301423943e-05, ""lr_g"": 0.0003742111647409597}",PRUNED
26,0.5900553464889526,2026-10-03 08:00:34.215791,2026-10-03 08:02:27.839047,0 days 00:01:53.623256,48,32,0.30000000000000004,16,200,0.00012387333257251172,0.0009015501213979186,"{""base_ch"": 48, ""batch_size"": 32, ""dropout"": 0.30000000000000004, ""emb_dim"": 16, ""lambda_l1"": 200, ""lr_d"": 0.00012387333257251172, ""lr_g"": 0.0009015501213979186}",COMPLETE
27,0.5878176763653755,2026-10-03 08:02:27.869301,2026-10-03 08:05:02.397415,0 days 00:02:34.528114,48,4,0.30000000000000004,16,200,0.0001070453073611596,0.0007564315303076897,"{""base_ch"": 48, ""batch_size"": 4, ""dropout"": 0.30000000000000004, ""emb_dim"": 16, ""lambda_l1"": 200, ""lr_d"": 0.0001070453073611596, ""lr_g"": 0.0007564315303076897}",COMPLETE
28,0.5901763215661049,2026-10-03 08:05:02.432390,2026-10-03 08:07:37.094112,0 days 00:02:34.661722,48,4,0.30000000000000004,16,200,7.945482881848729e-05,0.00043255575221512054,"{""base_ch"": 48, ""batch_size"": 4, ""dropout"": 0.30000000000000004, ""emb_dim"": 16, ""lambda_l1"": 200, ""lr_d"": 7.945482881848729e-05, ""lr_g"": 0.00043255575221512054}",COMPLETE
29,0.6104239970445633,2026-10-03 08:07:37.132829,2026-10-03 08:09:20.569719,0 days 00:01:43.436890,48,4,0.4,16,200,0.0002310595264451679,0.0006620492780326404,"{""base_ch"": 48, ""batch_size"": 4, ""dropout"": 0.4, ""emb_dim"": 16, ""lambda_l1"": 200, ""lr_d"": 0.0002310595264451679, ""lr_g"": 0.0006620492780326404}",PRUNED
