number,value,datetime_start,datetime_complete,duration,params_alpha,params_batch_size,params_lambda_b,params_lambda_c,params_lr_ft,params_tau,system_attrs_tpe:relative_params:0,state
0,0.17629149928689003,2026-10-04 07:37:08.033844,2026-10-04 07:46:41.751438,0 days 00:09:33.717594,0.4,16,0.06251373574521749,0.29106359131330695,4.3284502212938785e-05,1.8679147494991148,,COMPLETE
1,0.17923642322421074,2026-10-04 07:46:41.787177,2026-10-04 07:55:54.538314,0 days 00:09:12.751137,0.9,16,0.00115279871282324,0.2607024758370766,0.0002962151658830348,1.1504753106625047,,COMPLETE
2,0.17580583319067955,2026-10-04 07:55:54.618634,2026-10-04 08:04:57.128625,0 days 00:09:02.509991,0.55,32,0.03752055855124281,0.04059611610484305,2.0366442026830887e-05,0.6447487694793648,,COMPLETE
3,0.17776837572455406,2026-10-04 08:04:57.166405,2026-10-04 08:13:51.860609,0 days 00:08:54.694204,0.8,32,0.023345864076016236,0.05404103854647329,1.7258215396625005e-05,0.7496501097315297,,COMPLETE
4,0.17578700371086597,2026-10-04 08:13:51.888507,2026-10-04 08:22:46.892864,0 days 00:08:55.004357,0.3,32,0.0032476735706274485,0.16409286730647918,0.0001015066704592858,0.5332562317538384,,COMPLETE
5,,2026-10-04 08:22:46.941177,2026-10-04 09:44:45.542437,0 days 01:21:58.601260,0.55,32,0.11290133559092672,0.015679933916723017,0.000236288641842364,0.7627211116577324,,FAIL
6,0.17631288804113865,2026-10-04 08:26:55.841239,2026-10-04 08:37:06.093608,0 days 00:10:10.252369,0.4,16,0.06251373574521749,0.29106359131330695,4.3284502212938785e-05,1.8679147494991148,,COMPLETE
7,0.18919536657631397,2026-10-04 08:37:06.128386,2026-10-04 08:38:23.055894,0 days 00:01:16.927508,0.9,16,0.00115279871282324,0.2607024758370766,0.0002962151658830348,1.1504753106625047,,PRUNED
8,0.17510678246617317,2026-10-04 08:38:23.082979,2026-10-04 08:48:26.802217,0 days 00:10:03.719238,0.55,32,0.03752055855124281,0.04059611610484305,2.0366442026830887e-05,0.6447487694793648,,COMPLETE
9,0.17765495367348194,2026-10-04 08:48:26.841648,2026-10-04 08:58:11.769172,0 days 00:09:44.927524,0.8,32,0.023345864076016236,0.05404103854647329,1.7258215396625005e-05,0.7496501097315297,,COMPLETE
10,0.17317865416407585,2026-10-04 08:58:11.798178,2026-10-04 08:59:28.492714,0 days 00:01:16.694536,0.3,32,0.0032476735706274485,0.16409286730647918,0.0001015066704592858,0.5332562317538384,,PRUNED
11,0.16706470772624016,2026-10-04 08:59:28.527899,2026-10-04 09:09:16.042567,0 days 00:09:47.514668,0.3,32,0.012008009399912756,0.05619201862519146,4.2627857154460674e-05,1.9437630826988535,"{""alpha"": 0.3, ""batch_size"": 32, ""lambda_b"": 0.012008009399912756, ""lambda_c"": 0.05619201862519146, ""lr_ft"": 4.2627857154460674e-05, ""tau"": 1.9437630826988535}",COMPLETE
12,0.1566207855939865,2026-10-04 09:09:16.081363,2026-10-04 09:19:02.177907,0 days 00:09:46.096544,0.55,32,0.0022238417534306185,0.017376806972156017,3.064073938351719e-05,1.5259131001441837,"{""alpha"": 0.55, ""batch_size"": 32, ""lambda_b"": 0.0022238417534306185, ""lambda_c"": 0.017376806972156017, ""lr_ft"": 3.064073938351719e-05, ""tau"": 1.5259131001441837}",COMPLETE
13,0.1575408224016428,2026-10-04 09:19:02.228062,2026-10-04 09:28:48.220257,0 days 00:09:45.992195,0.3,32,0.01222041381756068,0.027687307997414975,3.752804829883537e-05,1.72283080778182,"{""alpha"": 0.3, ""batch_size"": 32, ""lambda_b"": 0.01222041381756068, ""lambda_c"": 0.027687307997414975, ""lr_ft"": 3.752804829883537e-05, ""tau"": 1.72283080778182}",COMPLETE
14,0.1575996745377779,2026-10-04 09:28:48.259193,2026-10-04 09:38:34.314687,0 days 00:09:46.055494,0.65,32,0.0030075989987252446,0.014935790737313551,2.6616204479018228e-05,1.9598897954232337,"{""alpha"": 0.65, ""batch_size"": 32, ""lambda_b"": 0.0030075989987252446, ""lambda_c"": 0.014935790737313551, ""lr_ft"": 2.6616204479018228e-05, ""tau"": 1.9598897954232337}",COMPLETE
15,,2026-10-04 09:38:34.349480,2026-10-04 09:44:38.132099,0 days 00:06:03.782619,0.45,32,0.016206947556751276,0.04035862147266418,7.410554108773883e-05,1.4387111841291098,"{""alpha"": 0.45, ""batch_size"": 32, ""lambda_b"": 0.016206947556751276, ""lambda_c"": 0.04035862147266418, ""lr_ft"": 7.410554108773883e-05, ""tau"": 1.4387111841291098}",FAIL
