number,value,datetime_start,datetime_complete,duration,params_alpha,params_base_ch,params_batch_size,params_latent_ch,params_lr,user_attrs_per_specialist,system_attrs_tpe:relative_params:0,state
0,0.3895564215878646,2026-10-03 12:46:45.158027,2026-10-03 12:56:24.327062,0 days 00:09:39.169035,0.8,96,16,128,0.0007106591851092234,"{'salt': 0.3592773489654064, 'blur': 0.3449855372309685, 'occlusion': 0.4644063785672188}",,COMPLETE
1,,2026-10-03 12:56:24.386505,2026-10-03 14:48:48.481979,0 days 01:52:24.095474,0.8,96,64,128,0.0004891706203866443,,,FAIL
2,0.3883890335758527,2026-10-03 14:50:10.575015,2026-10-03 14:59:52.069170,0 days 00:09:41.494155,0.8,96,16,128,0.0007106591851092234,"{'salt': 0.36094214022159576, 'blur': 0.3453286364674568, 'occlusion': 0.45889632403850555}",,COMPLETE
3,0.45171480377515155,2026-10-03 14:59:52.119737,2026-10-03 15:09:28.954190,0 days 00:09:36.834453,0.8,96,64,128,0.0004891706203866443,"{'salt': 0.43262478336691856, 'blur': 0.41288769617676735, 'occlusion': 0.5096319317817688}",,COMPLETE
4,0.4372329041361809,2026-10-03 15:09:28.980138,2026-10-03 15:12:44.265445,0 days 00:03:15.285307,0.7,32,32,128,0.00047511094677356254,"{'salt': 0.4204040877521038, 'blur': 0.40057894960045815, 'occlusion': 0.4907156750559807}",,COMPLETE
5,0.4309127914408843,2026-10-03 15:12:44.291545,2026-10-03 15:22:22.088701,0 days 00:09:37.797156,0.8,96,32,16,0.000826558789485323,"{'salt': 0.4244532212615013, 'blur': 0.38715361431241035, 'occlusion': 0.48113153874874115}",,COMPLETE
6,0.45114679634571075,2026-10-03 15:22:22.116307,2026-10-03 15:24:21.797764,0 days 00:01:59.681457,0.45,64,64,128,0.0026098779385539945,,,PRUNED
7,0.43030381202697754,2026-10-03 15:24:21.819483,2026-10-03 15:27:30.699939,0 days 00:03:08.880456,0.3,32,32,16,0.0010466882235417663,"{'salt': 0.4108552932739258, 'blur': 0.3962712436914444, 'occlusion': 0.48378489911556244}",,COMPLETE
8,0.4052189613382022,2026-10-03 15:27:30.728964,2026-10-03 15:32:53.643357,0 days 00:05:22.914393,0.35,64,32,16,0.0006848366327971538,"{'salt': 0.3839515298604965, 'blur': 0.3745020776987076, 'occlusion': 0.4572032764554024}",,COMPLETE
9,0.44188009947538376,2026-10-03 15:32:53.674024,2026-10-03 15:34:39.217179,0 days 00:01:45.543155,0.6000000000000001,64,64,32,0.0015501225780069814,,,PRUNED
10,0.4878336638212204,2026-10-03 15:34:39.239577,2026-10-03 15:35:45.006862,0 days 00:01:05.767285,0.8,32,64,64,0.0024248659134486093,,,PRUNED
11,0.37303243825833005,2026-10-03 15:35:45.036178,2026-10-03 15:45:31.714977,0 days 00:09:46.678799,0.45,96,16,64,0.0009714875532616388,"{'salt': 0.3395601771771908, 'blur': 0.3408435024321079, 'occlusion': 0.4386936351656914}","{""alpha"": 0.45, ""base_ch"": 96, ""batch_size"": 16, ""latent_ch"": 64, ""lr"": 0.0009714875532616388}",COMPLETE
12,0.3734067330757777,2026-10-03 15:45:31.747918,2026-10-03 15:55:21.458997,0 days 00:09:49.711079,0.45,96,16,128,0.0009727662094822089,"{'salt': 0.33832913637161255, 'blur': 0.3388832062482834, 'occlusion': 0.44300785660743713}","{""alpha"": 0.45, ""base_ch"": 96, ""batch_size"": 16, ""latent_ch"": 128, ""lr"": 0.0009727662094822089}",COMPLETE
13,0.36680151522159576,2026-10-03 15:55:21.488405,2026-10-03 16:05:09.883486,0 days 00:09:48.395081,0.4,96,16,64,0.0007485687174320382,"{'salt': 0.3335106521844864, 'blur': 0.3339988961815834, 'occlusion': 0.4328949972987175}","{""alpha"": 0.4, ""base_ch"": 96, ""batch_size"": 16, ""latent_ch"": 64, ""lr"": 0.0007485687174320382}",COMPLETE
14,0.3878556701044242,2026-10-03 16:05:09.925425,2026-10-03 16:14:56.054201,0 days 00:09:46.128776,0.5,96,16,64,0.001736829038452549,"{'salt': 0.3493191711604595, 'blur': 0.35975300520658493, 'occlusion': 0.454494833946228}","{""alpha"": 0.5, ""base_ch"": 96, ""batch_size"": 16, ""latent_ch"": 64, ""lr"": 0.001736829038452549}",COMPLETE
15,0.35590868443250656,2026-10-03 16:14:56.081540,2026-10-03 16:18:03.403378,0 days 00:03:07.321838,0.3,48,16,64,0.0007136634841745287,,"{""alpha"": 0.3, ""base_ch"": 48, ""batch_size"": 16, ""latent_ch"": 64, ""lr"": 0.0007136634841745287}",PRUNED
16,,2026-10-03 16:18:03.428629,2026-10-03 19:04:57.450557,0 days 02:46:54.021928,0.4,96,16,64,0.0003779695543952327,,"{""alpha"": 0.4, ""base_ch"": 96, ""batch_size"": 16, ""latent_ch"": 64, ""lr"": 0.0003779695543952327}",FAIL
