number,value,datetime_start,datetime_complete,duration,params_alpha,params_base_ch,params_batch_size,params_dropout,params_latent_ch,params_lr,system_attrs_tpe:relative_params:0,state
0,0.47590966150164604,2026-10-03 09:34:15.426385,2026-10-03 09:37:20.506239,0 days 00:03:05.079854,0.9,48,16,0.3,64,0.0003574712922600243,,COMPLETE
1,0.4756619967520237,2026-10-03 09:37:20.546165,2026-10-03 09:40:56.403403,0 days 00:03:35.857238,0.8500000000000001,64,64,0.15000000000000002,64,0.00020589728197687926,,COMPLETE
2,0.4653005637228489,2026-10-03 09:40:56.436404,2026-10-03 09:43:04.610819,0 days 00:02:08.174415,0.8,32,32,0.0,64,0.00019721610970574026,,COMPLETE
3,0.5988006666302681,2026-10-03 09:43:04.650996,2026-10-03 09:45:58.282666,0 days 00:02:53.631670,0.8500000000000001,48,32,0.3,8,0.00044684675025045853,,COMPLETE
4,0.47354836016893387,2026-10-03 09:45:58.319033,2026-10-03 09:49:22.765405,0 days 00:03:24.446372,0.6,64,64,0.1,64,0.002442046084491142,,COMPLETE
5,0.6048047095537186,2026-10-03 09:49:22.808652,2026-10-03 09:50:04.229391,0 days 00:00:41.420739,0.5,32,32,0.25,8,0.000633326877532184,,PRUNED
6,0.4853217303752899,2026-10-03 09:50:04.253939,2026-10-03 09:52:54.054735,0 days 00:02:49.800796,0.55,64,32,0.15000000000000002,8,0.00033845220412011414,,PRUNED
7,0.5952162146568298,2026-10-03 09:52:54.078236,2026-10-03 09:54:12.217072,0 days 00:01:18.138836,0.75,64,64,0.1,16,0.001131225105716033,,PRUNED
8,0.6187237128615379,2026-10-03 09:54:12.241917,2026-10-03 09:54:55.596557,0 days 00:00:43.354640,0.9,32,64,0.3,32,0.0021907142272152816,,PRUNED
9,0.44231362640857697,2026-10-03 09:54:55.619324,2026-10-03 09:58:33.933340,0 days 00:03:38.314016,0.75,64,16,0.0,8,0.00018861950443028856,,COMPLETE
10,0.45165395364165306,2026-10-03 09:58:33.968562,2026-10-03 10:02:11.074762,0 days 00:03:37.106200,0.75,64,16,0.05,8,0.00017583348778851948,"{""alpha"": 0.75, ""base_ch"": 64, ""batch_size"": 16, ""dropout"": 0.05, ""latent_ch"": 8, ""lr"": 0.00017583348778851948}",COMPLETE
11,0.4648955352604389,2026-10-03 10:02:11.111090,2026-10-03 10:05:48.825232,0 days 00:03:37.714142,0.75,64,16,0.05,8,0.00011007742918988846,"{""alpha"": 0.75, ""base_ch"": 64, ""batch_size"": 16, ""dropout"": 0.05, ""latent_ch"": 8, ""lr"": 0.00011007742918988846}",COMPLETE
12,0.43386831134557724,2026-10-03 10:05:48.856919,2026-10-03 10:09:24.771109,0 days 00:03:35.914190,0.6,64,16,0.0,8,0.00021457884360318033,"{""alpha"": 0.6, ""base_ch"": 64, ""batch_size"": 16, ""dropout"": 0.0, ""latent_ch"": 8, ""lr"": 0.00021457884360318033}",COMPLETE
13,0.4405445083975792,2026-10-03 10:09:24.805221,2026-10-03 10:13:00.031626,0 days 00:03:35.226405,0.55,64,16,0.0,8,0.00014045637266184852,"{""alpha"": 0.55, ""base_ch"": 64, ""batch_size"": 16, ""dropout"": 0.0, ""latent_ch"": 8, ""lr"": 0.00014045637266184852}",COMPLETE
14,0.42607177421450615,2026-10-03 10:13:00.074561,2026-10-03 10:16:35.672916,0 days 00:03:35.598355,0.6,64,16,0.0,8,0.0005427682377044175,"{""alpha"": 0.6, ""base_ch"": 64, ""batch_size"": 16, ""dropout"": 0.0, ""latent_ch"": 8, ""lr"": 0.0005427682377044175}",COMPLETE
15,0.4216226041316986,2026-10-03 10:16:35.709831,2026-10-03 10:20:11.396404,0 days 00:03:35.686573,0.55,64,16,0.0,8,0.0008380561253783899,"{""alpha"": 0.55, ""base_ch"": 64, ""batch_size"": 16, ""dropout"": 0.0, ""latent_ch"": 8, ""lr"": 0.0008380561253783899}",COMPLETE
16,0.51864805072546,2026-10-03 10:20:11.451977,2026-10-03 10:21:23.786619,0 days 00:01:12.334642,0.65,64,16,0.1,8,0.0007139000753393532,"{""alpha"": 0.65, ""base_ch"": 64, ""batch_size"": 16, ""dropout"": 0.1, ""latent_ch"": 8, ""lr"": 0.0007139000753393532}",PRUNED
17,0.5649920850992203,2026-10-03 10:21:23.811154,2026-10-03 10:22:32.034587,0 days 00:01:08.223433,0.5,64,64,0.0,8,0.0022694326339833854,"{""alpha"": 0.5, ""base_ch"": 64, ""batch_size"": 64, ""dropout"": 0.0, ""latent_ch"": 8, ""lr"": 0.0022694326339833854}",PRUNED
18,0.479987770318985,2026-10-03 10:22:32.068214,2026-10-03 10:24:06.986713,0 days 00:01:34.918499,0.5,48,16,0.0,8,0.0007091316702506519,"{""alpha"": 0.5, ""base_ch"": 48, ""batch_size"": 16, ""dropout"": 0.0, ""latent_ch"": 8, ""lr"": 0.0007091316702506519}",PRUNED
19,0.56583222001791,2026-10-03 10:24:07.012430,2026-10-03 10:25:15.049308,0 days 00:01:08.036878,0.5,64,64,0.1,8,0.0011224184002075204,"{""alpha"": 0.5, ""base_ch"": 64, ""batch_size"": 64, ""dropout"": 0.1, ""latent_ch"": 8, ""lr"": 0.0011224184002075204}",PRUNED
20,0.35373301431536674,2026-10-03 10:25:15.076482,2026-10-03 10:28:52.240647,0 days 00:03:37.164165,0.5,64,16,0.0,64,0.0010639659486122181,"{""alpha"": 0.5, ""base_ch"": 64, ""batch_size"": 16, ""dropout"": 0.0, ""latent_ch"": 64, ""lr"": 0.0010639659486122181}",COMPLETE
21,0.48629142343997955,2026-10-03 10:28:52.277691,2026-10-03 10:30:19.061080,0 days 00:01:26.783389,0.55,64,16,0.0,8,0.0012682130164205089,"{""alpha"": 0.55, ""base_ch"": 64, ""batch_size"": 16, ""dropout"": 0.0, ""latent_ch"": 8, ""lr"": 0.0012682130164205089}",PRUNED
22,0.37975361943244934,2026-10-03 10:30:19.088476,2026-10-03 10:33:56.799755,0 days 00:03:37.711279,0.5,64,16,0.0,64,0.0013827118075949352,"{""alpha"": 0.5, ""base_ch"": 64, ""batch_size"": 16, ""dropout"": 0.0, ""latent_ch"": 64, ""lr"": 0.0013827118075949352}",COMPLETE
23,0.4863932505249977,2026-10-03 10:33:56.834732,2026-10-03 10:35:24.178040,0 days 00:01:27.343308,0.5,64,16,0.05,64,0.001346662744152121,"{""alpha"": 0.5, ""base_ch"": 64, ""batch_size"": 16, ""dropout"": 0.05, ""latent_ch"": 64, ""lr"": 0.001346662744152121}",PRUNED
24,0.37430884689092636,2026-10-03 10:35:24.217716,2026-10-03 10:38:23.747106,0 days 00:02:59.529390,0.55,48,16,0.05,64,0.00032549622612031327,"{""alpha"": 0.55, ""base_ch"": 48, ""batch_size"": 16, ""dropout"": 0.05, ""latent_ch"": 64, ""lr"": 0.00032549622612031327}",COMPLETE
25,0.3952905759215355,2026-10-03 10:38:23.778493,2026-10-03 10:41:23.147057,0 days 00:02:59.368564,0.5,48,16,0.1,64,0.00022407924579975595,"{""alpha"": 0.5, ""base_ch"": 48, ""batch_size"": 16, ""dropout"": 0.1, ""latent_ch"": 64, ""lr"": 0.00022407924579975595}",COMPLETE
26,0.3680971898138523,2026-10-03 10:41:23.181346,2026-10-03 10:45:02.008033,0 days 00:03:38.826687,0.6,64,16,0.05,64,0.00030440740542623753,"{""alpha"": 0.6, ""base_ch"": 64, ""batch_size"": 16, ""dropout"": 0.05, ""latent_ch"": 64, ""lr"": 0.00030440740542623753}",COMPLETE
27,0.4864492639899254,2026-10-03 10:45:02.065443,2026-10-03 10:46:15.237037,0 days 00:01:13.171594,0.6,64,16,0.1,64,0.0012417850629914365,"{""alpha"": 0.6, ""base_ch"": 64, ""batch_size"": 16, ""dropout"": 0.1, ""latent_ch"": 64, ""lr"": 0.0012417850629914365}",PRUNED
28,0.4858105331659317,2026-10-03 10:46:15.265722,2026-10-03 10:47:23.921045,0 days 00:01:08.655323,0.5,64,64,0.05,64,0.0002772477208843264,"{""alpha"": 0.5, ""base_ch"": 64, ""batch_size"": 64, ""dropout"": 0.05, ""latent_ch"": 64, ""lr"": 0.0002772477208843264}",PRUNED
29,0.37693000957369804,2026-10-03 10:47:23.959035,2026-10-03 10:50:23.140717,0 days 00:02:59.181682,0.55,48,16,0.05,64,0.0004538979341162266,"{""alpha"": 0.55, ""base_ch"": 48, ""batch_size"": 16, ""dropout"": 0.05, ""latent_ch"": 64, ""lr"": 0.0004538979341162266}",COMPLETE
